  Assembling winmm64_asm.asm...
  CLRHost.cpp
  The contents of <filesystem> are only available with C++17 or later.
  ExportController.cpp
  The contents of <filesystem> are only available with C++17 or later.
C:\Users\BlazeBest\source\repos\VRCLoader-master\VRCLoader\Loader\il2cpp.h(44,18): warning C4200: нестандартное расширение: массив нулевого размера в структуре (объединении)
C:\Users\BlazeBest\source\repos\VRCLoader-master\VRCLoader\Loader\il2cpp.h(44,18): message : Этот член будет пропущен конструктором, установленным по умолчанию, или оператором назначения копии или перемещения
  FileManager.cpp
  The contents of <filesystem> are only available with C++17 or later.
  il2cpp.cpp
  The contents of <filesystem> are only available with C++17 or later.
C:\Users\BlazeBest\source\repos\VRCLoader-master\VRCLoader\Loader\il2cpp.h(44,18): warning C4200: нестандартное расширение: массив нулевого размера в структуре (объединении)
C:\Users\BlazeBest\source\repos\VRCLoader-master\VRCLoader\Loader\il2cpp.h(44,18): message : Этот член будет пропущен конструктором, установленным по умолчанию, или оператором назначения копии или перемещения
  VRCLoader.cpp
  The contents of <filesystem> are only available with C++17 or later.
C:\Users\BlazeBest\source\repos\VRCLoader-master\VRCLoader\Loader\il2cpp.h(44,18): warning C4200: нестандартное расширение: массив нулевого размера в структуре (объединении)
C:\Users\BlazeBest\source\repos\VRCLoader-master\VRCLoader\Loader\il2cpp.h(44,18): message : Этот член будет пропущен конструктором, установленным по умолчанию, или оператором назначения копии или перемещения
  winmm64.cpp
  The contents of <filesystem> are only available with C++17 or later.
C:\Users\BlazeBest\source\repos\VRCLoader-master\VRCLoader\Loader\il2cpp.h(44,18): warning C4200: нестандартное расширение: массив нулевого размера в структуре (объединении)
C:\Users\BlazeBest\source\repos\VRCLoader-master\VRCLoader\Loader\il2cpp.h(44,18): message : Этот член будет пропущен конструктором, установленным по умолчанию, или оператором назначения копии или перемещения
  Создание кода...
  buffer.c
  hde32.c
  hde64.c
  hook.c
  trampoline.c
  Создание кода...
LINK : warning LNK4075: не учитывается "/INCREMENTAL" из-за спецификации "/OPT:ICF"
     Создается библиотека ..\bin\winmm.lib и объект ..\bin\winmm.exp
winmm.exp : warning LNK4070: директива /OUT:winmm64.dll в .EXP отличается от имени выходного файла "..\bin\winmm.dll"; директива игнорируется
detours.lib(detours.obj) : warning LNK4099: "detours.pdb" PDB не найден с "detours.lib(detours.obj)" или на "C:\Users\BlazeBest\source\repos\VRCLoader-master\bin\detours.pdb"; компоновка объекта выполняется как при отсутствии отладочных данных
detours.lib(modules.obj) : warning LNK4099: "detours.pdb" PDB не найден с "detours.lib(modules.obj)" или на "C:\Users\BlazeBest\source\repos\VRCLoader-master\bin\detours.pdb"; компоновка объекта выполняется как при отсутствии отладочных данных
detours.lib(disasm.obj) : warning LNK4099: "detours.pdb" PDB не найден с "detours.lib(disasm.obj)" или на "C:\Users\BlazeBest\source\repos\VRCLoader-master\bin\detours.pdb"; компоновка объекта выполняется как при отсутствии отладочных данных
  VRCLoader.vcxproj -> C:\Users\BlazeBest\source\repos\VRCLoader-master\VRCLoader\..\bin\winmm.dll
