c:\users\blazebest\source\repos\vrcloader-master\vrcloader\x64\debug\vc142.pdb
c:\users\blazebest\source\repos\vrcloader-master\vrcloader\x64\debug\winmm64.obj
c:\users\blazebest\source\repos\vrcloader-master\vrcloader\x64\debug\vrcloader.obj
c:\users\blazebest\source\repos\vrcloader-master\vrcloader\x64\debug\il2cpp.obj
c:\users\blazebest\source\repos\vrcloader-master\vrcloader\x64\debug\filemanager.obj
c:\users\blazebest\source\repos\vrcloader-master\vrcloader\x64\debug\exportcontroller.obj
c:\users\blazebest\source\repos\vrcloader-master\vrcloader\x64\debug\clrhost.obj
c:\users\blazebest\source\repos\vrcloader-master\vrcloader\x64\debug\trampoline.obj
c:\users\blazebest\source\repos\vrcloader-master\vrcloader\x64\debug\hook.obj
c:\users\blazebest\source\repos\vrcloader-master\vrcloader\x64\debug\hde64.obj
c:\users\blazebest\source\repos\vrcloader-master\vrcloader\x64\debug\hde32.obj
c:\users\blazebest\source\repos\vrcloader-master\vrcloader\x64\debug\buffer.obj
c:\users\blazebest\source\repos\vrcloader-master\bin\winmm.dll
c:\users\blazebest\source\repos\vrcloader-master\bin\winmm.pdb
c:\users\blazebest\source\repos\vrcloader-master\vrcloader\x64\debug\winmm64_asm.obj
c:\users\blazebest\source\repos\vrcloader-master\bin\winmm.lib
c:\users\blazebest\source\repos\vrcloader-master\bin\winmm.exp
c:\users\blazebest\source\repos\vrcloader-master\bin\winmm.ipdb
c:\users\blazebest\source\repos\vrcloader-master\bin\winmm.iobj
c:\users\blazebest\source\repos\vrcloader-master\vrcloader\x64\debug\vc142.idb
c:\users\blazebest\source\repos\vrcloader-master\vrcloader\..\bin\winmm.dll
c:\users\blazebest\source\repos\vrcloader-master\vrcloader\x64\debug\vrcloader.tlog\cl.command.1.tlog
c:\users\blazebest\source\repos\vrcloader-master\vrcloader\x64\debug\vrcloader.tlog\cl.read.1.tlog
c:\users\blazebest\source\repos\vrcloader-master\vrcloader\x64\debug\vrcloader.tlog\cl.write.1.tlog
c:\users\blazebest\source\repos\vrcloader-master\vrcloader\x64\debug\vrcloader.tlog\link.command.1.tlog
c:\users\blazebest\source\repos\vrcloader-master\vrcloader\x64\debug\vrcloader.tlog\link.delete.1.tlog
c:\users\blazebest\source\repos\vrcloader-master\vrcloader\x64\debug\vrcloader.tlog\link.read.1.tlog
c:\users\blazebest\source\repos\vrcloader-master\vrcloader\x64\debug\vrcloader.tlog\link.write.1.tlog
c:\users\blazebest\source\repos\vrcloader-master\vrcloader\x64\debug\vrcloader.tlog\masm.read.1u.tlog
c:\users\blazebest\source\repos\vrcloader-master\vrcloader\x64\debug\vrcloader.tlog\masm.write.1u.tlog
c:\users\blazebest\source\repos\vrcloader-master\vrcloader\x64\debug\vrcloader.tlog\vrcloader.write.1u.tlog
