  Assembling winmm64_asm.asm...
  CLRHost.cpp
  The contents of <filesystem> are only available with C++17 or later.
  ExportController.cpp
  The contents of <filesystem> are only available with C++17 or later.
C:\Users\BlazeBest\source\repos\VRCLoader-master\VRCLoader\Loader\il2cpp.h(44,18): warning C4200: нестандартное расширение: массив нулевого размера в структуре (объединении)
C:\Users\BlazeBest\source\repos\VRCLoader-master\VRCLoader\Loader\il2cpp.h(44,18): message : Этот член будет пропущен конструктором, установленным по умолчанию, или оператором назначения копии или перемещения
  FileManager.cpp
  The contents of <filesystem> are only available with C++17 or later.
  il2cpp.cpp
  The contents of <filesystem> are only available with C++17 or later.
C:\Users\BlazeBest\source\repos\VRCLoader-master\VRCLoader\Loader\il2cpp.h(44,18): warning C4200: нестандартное расширение: массив нулевого размера в структуре (объединении)
C:\Users\BlazeBest\source\repos\VRCLoader-master\VRCLoader\Loader\il2cpp.h(44,18): message : Этот член будет пропущен конструктором, установленным по умолчанию, или оператором назначения копии или перемещения
  VRCLoader.cpp
  The contents of <filesystem> are only available with C++17 or later.
C:\Users\BlazeBest\source\repos\VRCLoader-master\VRCLoader\Loader\il2cpp.h(44,18): warning C4200: нестандартное расширение: массив нулевого размера в структуре (объединении)
C:\Users\BlazeBest\source\repos\VRCLoader-master\VRCLoader\Loader\il2cpp.h(44,18): message : Этот член будет пропущен конструктором, установленным по умолчанию, или оператором назначения копии или перемещения
  winmm64.cpp
  The contents of <filesystem> are only available with C++17 or later.
C:\Users\BlazeBest\source\repos\VRCLoader-master\VRCLoader\Loader\il2cpp.h(44,18): warning C4200: нестандартное расширение: массив нулевого размера в структуре (объединении)
C:\Users\BlazeBest\source\repos\VRCLoader-master\VRCLoader\Loader\il2cpp.h(44,18): message : Этот член будет пропущен конструктором, установленным по умолчанию, или оператором назначения копии или перемещения
  buffer.c
  hde32.c
  hde64.c
  hook.c
  trampoline.c
     Создается библиотека ..\bin\winmm.lib и объект ..\bin\winmm.exp
winmm.exp : warning LNK4070: директива /OUT:winmm64.dll в .EXP отличается от имени выходного файла "..\bin\winmm.dll"; директива игнорируется
  Создание кода
  Previous IPDB not found, fall back to full compilation.
  All 229 functions were compiled because no usable IPDB/IOBJ from previous compilation was found.
  Создание кода завершено
winmm.exp : warning LNK4070: директива /OUT:winmm64.dll в .EXP отличается от имени выходного файла "..\bin\winmm.dll"; директива игнорируется
  VRCLoader.vcxproj -> C:\Users\BlazeBest\source\repos\VRCLoader-master\VRCLoader\..\bin\winmm.dll
