c:\users\blazebest\source\repos\vrcloader-master\vrcloader\x64\release\vc142.pdb
c:\users\blazebest\source\repos\vrcloader-master\vrcloader\x64\release\hook.obj
c:\users\blazebest\source\repos\vrcloader-master\vrcloader\x64\release\buffer.obj
c:\users\blazebest\source\repos\vrcloader-master\vrcloader\x64\release\trampoline.obj
c:\users\blazebest\source\repos\vrcloader-master\vrcloader\x64\release\vrcloader.obj
c:\users\blazebest\source\repos\vrcloader-master\vrcloader\x64\release\filemanager.obj
c:\users\blazebest\source\repos\vrcloader-master\vrcloader\x64\release\exportcontroller.obj
c:\users\blazebest\source\repos\vrcloader-master\vrcloader\x64\release\clrhost.obj
c:\users\blazebest\source\repos\vrcloader-master\vrcloader\x64\release\il2cpp.obj
c:\users\blazebest\source\repos\vrcloader-master\vrcloader\x64\release\winmm64.obj
c:\users\blazebest\source\repos\vrcloader-master\vrcloader\x64\release\hde64.obj
c:\users\blazebest\source\repos\vrcloader-master\vrcloader\x64\release\hde32.obj
c:\users\blazebest\source\repos\vrcloader-master\bin\winmm.dll
c:\users\blazebest\source\repos\vrcloader-master\vrcloader\x64\release\winmm64_asm.obj
c:\users\blazebest\source\repos\vrcloader-master\bin\winmm.lib
c:\users\blazebest\source\repos\vrcloader-master\bin\winmm.exp
c:\users\blazebest\source\repos\vrcloader-master\bin\winmm.ipdb
c:\users\blazebest\source\repos\vrcloader-master\bin\winmm.iobj
c:\users\blazebest\source\repos\vrcloader-master\vrcloader\..\bin\winmm.dll
c:\users\blazebest\source\repos\vrcloader-master\vrcloader\x64\release\vrcloader.tlog\cl.command.1.tlog
c:\users\blazebest\source\repos\vrcloader-master\vrcloader\x64\release\vrcloader.tlog\cl.read.1.tlog
c:\users\blazebest\source\repos\vrcloader-master\vrcloader\x64\release\vrcloader.tlog\cl.write.1.tlog
c:\users\blazebest\source\repos\vrcloader-master\vrcloader\x64\release\vrcloader.tlog\link.command.1.tlog
c:\users\blazebest\source\repos\vrcloader-master\vrcloader\x64\release\vrcloader.tlog\link.delete.1.tlog
c:\users\blazebest\source\repos\vrcloader-master\vrcloader\x64\release\vrcloader.tlog\link.read.1.tlog
c:\users\blazebest\source\repos\vrcloader-master\vrcloader\x64\release\vrcloader.tlog\link.write.1.tlog
c:\users\blazebest\source\repos\vrcloader-master\vrcloader\x64\release\vrcloader.tlog\masm.read.1u.tlog
c:\users\blazebest\source\repos\vrcloader-master\vrcloader\x64\release\vrcloader.tlog\masm.write.1u.tlog
c:\users\blazebest\source\repos\vrcloader-master\vrcloader\x64\release\vrcloader.tlog\metagen.write.1.tlog
c:\users\blazebest\source\repos\vrcloader-master\vrcloader\x64\release\vrcloader.tlog\vrcloader.write.1u.tlog
